PLINK v1.90b7.1 64-bit (18 Oct 2023)
Options in effect:
  --bfile bmexico
  --r triangle

Hostname: cursobio
Working directory: /home/ecoss/practical_1
Start time: Mon Oct 30 14:47:51 2023

Random number seed: 1698698871
257044 MB RAM detected; reserving 128522 MB for main workspace.
22 variants loaded from .bim file.
500 people (219 males, 281 females) loaded from .fam.
500 phenotype values loaded from .fam.
Using up to 63 threads (change this with --threads).
Before main variant filters, 500 founders and 0 nonfounders present.
Calculating allele frequencies... done.
Total genotyping rate is 0.956273.
22 variants and 500 people pass filters and QC.
Among remaining phenotypes, 250 are cases and 250 are controls.
--r triangle to plink.ld ... done.

End time: Mon Oct 30 14:47:51 2023
